0 info it worked if it ends with ok
1 verbose cli [ '/usr/bin/nodejs',
1 verbose cli   '/usr/bin/npm',
1 verbose cli   'install',
1 verbose cli   '-g',
1 verbose cli   'clang-format' ]
2 info using npm@3.5.2
3 info using node@v4.2.6
4 silly loadCurrentTree Starting
5 silly install loadCurrentTree
6 silly install readGlobalPackageData
7 silly fetchPackageMetaData clang-format
8 silly fetchNamedPackageData clang-format
9 silly mapToRegistry name clang-format
10 silly mapToRegistry using default registry
11 silly mapToRegistry registry https://registry.npmjs.org/
12 silly mapToRegistry uri https://registry.npmjs.org/clang-format
13 verbose request uri https://registry.npmjs.org/clang-format
14 verbose request no auth needed
15 info attempt registry request try #1 at 7:20:38 PM
16 verbose request id 48905a109df5d0d9
17 http request GET https://registry.npmjs.org/clang-format
18 http 200 https://registry.npmjs.org/clang-format
19 verbose headers { 'content-type': 'application/json; charset=UTF-8',
19 verbose headers   server: 'UploadServer',
19 verbose headers   'cache-control': 'max-age=300',
19 verbose headers   'last-modified': 'Thu, 4 Jan 2018 20:23:53 GMT',
19 verbose headers   etag: '"5a4e8d59-132c1"',
19 verbose headers   'content-encoding': 'gzip',
19 verbose headers   'content-length': '9116',
19 verbose headers   'accept-ranges': 'bytes',
19 verbose headers   date: 'Sun, 07 Jan 2018 00:20:38 GMT',
19 verbose headers   via: '1.1 varnish',
19 verbose headers   age: '2680',
19 verbose headers   connection: 'keep-alive',
19 verbose headers   'x-served-by': 'cache-jfk8135-JFK',
19 verbose headers   'x-cache': 'HIT',
19 verbose headers   'x-cache-hits': '1',
19 verbose headers   'x-timer': 'S1515284439.919879,VS0,VE1',
19 verbose headers   vary: 'Accept-Encoding, Accept' }
20 silly get cb [ 200,
20 silly get   { 'content-type': 'application/json; charset=UTF-8',
20 silly get     server: 'UploadServer',
20 silly get     'cache-control': 'max-age=300',
20 silly get     'last-modified': 'Thu, 4 Jan 2018 20:23:53 GMT',
20 silly get     etag: '"5a4e8d59-132c1"',
20 silly get     'content-encoding': 'gzip',
20 silly get     'content-length': '9116',
20 silly get     'accept-ranges': 'bytes',
20 silly get     date: 'Sun, 07 Jan 2018 00:20:38 GMT',
20 silly get     via: '1.1 varnish',
20 silly get     age: '2680',
20 silly get     connection: 'keep-alive',
20 silly get     'x-served-by': 'cache-jfk8135-JFK',
20 silly get     'x-cache': 'HIT',
20 silly get     'x-cache-hits': '1',
20 silly get     'x-timer': 'S1515284439.919879,VS0,VE1',
20 silly get     vary: 'Accept-Encoding, Accept' } ]
21 verbose get saving clang-format to /home/mjhaveri/.npm/registry.npmjs.org/clang-format/.cache.json
22 silly install normalizeTree
23 silly loadCurrentTree Finishing
24 silly loadIdealTree Starting
25 silly install loadIdealTree
26 silly cloneCurrentTree Starting
27 silly install cloneCurrentTreeToIdealTree
28 silly cloneCurrentTree Finishing
29 silly loadShrinkwrap Starting
30 silly install loadShrinkwrap
31 silly loadShrinkwrap Finishing
32 silly loadAllDepsIntoIdealTree Starting
33 silly install loadAllDepsIntoIdealTree
34 silly resolveWithNewModule clang-format@1.0.41-b checking installable status
35 silly cache add args [ 'clang-format', null ]
36 verbose cache add spec clang-format
37 silly cache add parsed spec Result {
37 silly cache add   raw: 'clang-format',
37 silly cache add   scope: null,
37 silly cache add   name: 'clang-format',
37 silly cache add   rawSpec: '',
37 silly cache add   spec: 'latest',
37 silly cache add   type: 'tag' }
38 silly addNamed clang-format@latest
39 verbose addNamed "latest" is being treated as a dist-tag for clang-format
40 info addNameTag [ 'clang-format', 'latest' ]
41 silly mapToRegistry name clang-format
42 silly mapToRegistry using default registry
43 silly mapToRegistry registry https://registry.npmjs.org/
44 silly mapToRegistry uri https://registry.npmjs.org/clang-format
45 verbose addNameTag registry:https://registry.npmjs.org/clang-format not in flight; fetching
46 verbose get https://registry.npmjs.org/clang-format not expired, no request
47 silly addNameTag next cb for clang-format with tag latest
48 silly addNamed clang-format@1.0.41-b
49 verbose addNamed "1.0.41-b" is a plain semver version for clang-format
50 silly mapToRegistry name clang-format
51 silly mapToRegistry using default registry
52 silly mapToRegistry registry https://registry.npmjs.org/
53 silly mapToRegistry uri https://registry.npmjs.org/clang-format
54 verbose addRemoteTarball https://registry.npmjs.org/clang-format/-/clang-format-1.0.41-b.tgz not in flight; adding
55 verbose addRemoteTarball [ 'https://registry.npmjs.org/clang-format/-/clang-format-1.0.41-b.tgz',
55 verbose addRemoteTarball   'd1170618eefbb76a8015a9b5b7ffb33fc2a69380' ]
56 info retry fetch attempt 1 at 7:20:39 PM
57 info attempt registry request try #1 at 7:20:39 PM
58 http fetch GET https://registry.npmjs.org/clang-format/-/clang-format-1.0.41-b.tgz
59 http fetch 200 https://registry.npmjs.org/clang-format/-/clang-format-1.0.41-b.tgz
60 silly fetchAndShaCheck shasum d1170618eefbb76a8015a9b5b7ffb33fc2a69380
61 verbose addTmpTarball /tmp/npm-12245-da3a5849/registry.npmjs.org/clang-format/-/clang-format-1.0.41-b.tgz not in flight; adding
62 verbose addTmpTarball already have metadata; skipping unpack for clang-format@1.0.41-b
63 silly cache afterAdd clang-format@1.0.41-b
64 verbose afterAdd /home/mjhaveri/.npm/clang-format/1.0.41-b/package/package.json not in flight; writing
65 verbose afterAdd /home/mjhaveri/.npm/clang-format/1.0.41-b/package/package.json written
66 silly fetchNamedPackageData async
67 silly mapToRegistry name async
68 silly mapToRegistry using default registry
69 silly mapToRegistry registry https://registry.npmjs.org/
70 silly mapToRegistry uri https://registry.npmjs.org/async
71 silly fetchNamedPackageData glob
72 silly mapToRegistry name glob
73 silly mapToRegistry using default registry
74 silly mapToRegistry registry https://registry.npmjs.org/
75 silly mapToRegistry uri https://registry.npmjs.org/glob
76 silly fetchNamedPackageData resolve
77 silly mapToRegistry name resolve
78 silly mapToRegistry using default registry
79 silly mapToRegistry registry https://registry.npmjs.org/
80 silly mapToRegistry uri https://registry.npmjs.org/resolve
81 verbose request uri https://registry.npmjs.org/async
82 verbose request no auth needed
83 info attempt registry request try #1 at 7:20:41 PM
84 http request GET https://registry.npmjs.org/async
85 verbose request uri https://registry.npmjs.org/resolve
86 verbose request no auth needed
87 info attempt registry request try #1 at 7:20:41 PM
88 http request GET https://registry.npmjs.org/resolve
89 verbose request uri https://registry.npmjs.org/glob
90 verbose request no auth needed
91 info attempt registry request try #1 at 7:20:41 PM
92 verbose etag "5a34d3b4-200dd"
93 verbose lastModified Sat, 16 Dec 2017 8:05:08 GMT
94 http request GET https://registry.npmjs.org/glob
95 http 200 https://registry.npmjs.org/resolve
96 verbose headers { 'content-type': 'application/json; charset=UTF-8',
96 verbose headers   server: 'UploadServer',
96 verbose headers   'cache-control': 'max-age=300',
96 verbose headers   'last-modified': 'Thu, 4 Jan 2018 17:23:07 GMT',
96 verbose headers   etag: '"5a4e62fb-efb6"',
96 verbose headers   'content-encoding': 'gzip',
96 verbose headers   'content-length': '7892',
96 verbose headers   'accept-ranges': 'bytes',
96 verbose headers   date: 'Sun, 07 Jan 2018 00:20:41 GMT',
96 verbose headers   via: '1.1 varnish',
96 verbose headers   age: '10387',
96 verbose headers   connection: 'keep-alive',
96 verbose headers   'x-served-by': 'cache-jfk8131-JFK',
96 verbose headers   'x-cache': 'HIT',
96 verbose headers   'x-cache-hits': '156',
96 verbose headers   'x-timer': 'S1515284442.638276,VS0,VE0',
96 verbose headers   vary: 'Accept-Encoding, Accept' }
97 silly get cb [ 200,
97 silly get   { 'content-type': 'application/json; charset=UTF-8',
97 silly get     server: 'UploadServer',
97 silly get     'cache-control': 'max-age=300',
97 silly get     'last-modified': 'Thu, 4 Jan 2018 17:23:07 GMT',
97 silly get     etag: '"5a4e62fb-efb6"',
97 silly get     'content-encoding': 'gzip',
97 silly get     'content-length': '7892',
97 silly get     'accept-ranges': 'bytes',
97 silly get     date: 'Sun, 07 Jan 2018 00:20:41 GMT',
97 silly get     via: '1.1 varnish',
97 silly get     age: '10387',
97 silly get     connection: 'keep-alive',
97 silly get     'x-served-by': 'cache-jfk8131-JFK',
97 silly get     'x-cache': 'HIT',
97 silly get     'x-cache-hits': '156',
97 silly get     'x-timer': 'S1515284442.638276,VS0,VE0',
97 silly get     vary: 'Accept-Encoding, Accept' } ]
98 verbose get saving resolve to /home/mjhaveri/.npm/registry.npmjs.org/resolve/.cache.json
99 silly resolveWithNewModule resolve@1.5.0 checking installable status
100 silly cache add args [ 'resolve@^1.1.6', null ]
101 verbose cache add spec resolve@^1.1.6
102 silly cache add parsed spec Result {
102 silly cache add   raw: 'resolve@^1.1.6',
102 silly cache add   scope: null,
102 silly cache add   name: 'resolve',
102 silly cache add   rawSpec: '^1.1.6',
102 silly cache add   spec: '>=1.1.6 <2.0.0',
102 silly cache add   type: 'range' }
103 silly addNamed resolve@>=1.1.6 <2.0.0
104 verbose addNamed ">=1.1.6 <2.0.0" is a valid semver range for resolve
105 silly addNameRange { name: 'resolve', range: '>=1.1.6 <2.0.0', hasData: false }
106 silly mapToRegistry name resolve
107 silly mapToRegistry using default registry
108 silly mapToRegistry registry https://registry.npmjs.org/
109 silly mapToRegistry uri https://registry.npmjs.org/resolve
110 verbose addNameRange registry:https://registry.npmjs.org/resolve not in flight; fetching
111 verbose get https://registry.npmjs.org/resolve not expired, no request
112 silly addNameRange number 2 { name: 'resolve', range: '>=1.1.6 <2.0.0', hasData: true }
113 silly addNameRange versions [ 'resolve',
113 silly addNameRange   [ '0.0.0',
113 silly addNameRange     '0.0.1',
113 silly addNameRange     '0.0.2',
113 silly addNameRange     '0.0.3',
113 silly addNameRange     '0.0.4',
113 silly addNameRange     '0.1.0',
113 silly addNameRange     '0.1.2',
113 silly addNameRange     '0.1.3',
113 silly addNameRange     '0.2.0',
113 silly addNameRange     '0.2.1',
113 silly addNameRange     '0.2.2',
113 silly addNameRange     '0.2.3',
113 silly addNameRange     '0.2.4',
113 silly addNameRange     '0.2.5',
113 silly addNameRange     '0.2.6',
113 silly addNameRange     '0.2.7',
113 silly addNameRange     '0.2.8',
113 silly addNameRange     '0.3.0',
113 silly addNameRange     '0.3.1',
113 silly addNameRange     '0.4.0',
113 silly addNameRange     '0.4.1',
113 silly addNameRange     '0.4.2',
113 silly addNameRange     '0.4.3',
113 silly addNameRange     '0.5.0',
113 silly addNameRange     '0.5.1',
113 silly addNameRange     '0.6.0',
113 silly addNameRange     '0.6.1',
113 silly addNameRange     '0.6.2',
113 silly addNameRange     '0.6.3',
113 silly addNameRange     '0.7.0',
113 silly addNameRange     '0.7.1',
113 silly addNameRange     '0.7.2',
113 silly addNameRange     '0.7.3',
113 silly addNameRange     '0.7.4',
113 silly addNameRange     '1.0.0',
113 silly addNameRange     '1.1.0',
113 silly addNameRange     '1.1.2',
113 silly addNameRange     '1.1.3',
113 silly addNameRange     '1.1.4',
113 silly addNameRange     '1.1.5',
113 silly addNameRange     '1.1.6',
113 silly addNameRange     '1.1.7',
113 silly addNameRange     '1.2.0',
113 silly addNameRange     '1.3.0',
113 silly addNameRange     '1.3.1',
113 silly addNameRange     '1.2.1',
113 silly addNameRange     '1.3.2',
113 silly addNameRange     '1.3.3',
113 silly addNameRange     '1.4.0',
113 silly addNameRange     '1.5.0' ] ]
114 silly addNamed resolve@1.5.0
115 verbose addNamed "1.5.0" is a plain semver version for resolve
116 silly mapToRegistry name resolve
117 silly mapToRegistry using default registry
118 silly mapToRegistry registry https://registry.npmjs.org/
119 silly mapToRegistry uri https://registry.npmjs.org/resolve
120 verbose addRemoteTarball https://registry.npmjs.org/resolve/-/resolve-1.5.0.tgz not in flight; adding
121 verbose addRemoteTarball [ 'https://registry.npmjs.org/resolve/-/resolve-1.5.0.tgz',
121 verbose addRemoteTarball   '1f09acce796c9a762579f31b2c1cc4c3cddf9f36' ]
122 info retry fetch attempt 1 at 7:20:41 PM
123 info attempt registry request try #1 at 7:20:41 PM
124 http fetch GET https://registry.npmjs.org/resolve/-/resolve-1.5.0.tgz
125 http 200 https://registry.npmjs.org/async
126 verbose headers { 'content-type': 'application/json; charset=UTF-8',
126 verbose headers   server: 'UploadServer',
126 verbose headers   'cache-control': 'max-age=300',
126 verbose headers   'last-modified': 'Fri, 5 Jan 2018 3:59:22 GMT',
126 verbose headers   etag: '"5a4ef81a-23333"',
126 verbose headers   'content-encoding': 'gzip',
126 verbose headers   'content-length': '18258',
126 verbose headers   'accept-ranges': 'bytes',
126 verbose headers   date: 'Sun, 07 Jan 2018 00:20:41 GMT',
126 verbose headers   via: '1.1 varnish',
126 verbose headers   age: '1177',
126 verbose headers   connection: 'keep-alive',
126 verbose headers   'x-served-by': 'cache-jfk8132-JFK',
126 verbose headers   'x-cache': 'HIT',
126 verbose headers   'x-cache-hits': '15',
126 verbose headers   'x-timer': 'S1515284442.650662,VS0,VE0',
126 verbose headers   vary: 'Accept-Encoding, Accept' }
127 silly get cb [ 200,
127 silly get   { 'content-type': 'application/json; charset=UTF-8',
127 silly get     server: 'UploadServer',
127 silly get     'cache-control': 'max-age=300',
127 silly get     'last-modified': 'Fri, 5 Jan 2018 3:59:22 GMT',
127 silly get     etag: '"5a4ef81a-23333"',
127 silly get     'content-encoding': 'gzip',
127 silly get     'content-length': '18258',
127 silly get     'accept-ranges': 'bytes',
127 silly get     date: 'Sun, 07 Jan 2018 00:20:41 GMT',
127 silly get     via: '1.1 varnish',
127 silly get     age: '1177',
127 silly get     connection: 'keep-alive',
127 silly get     'x-served-by': 'cache-jfk8132-JFK',
127 silly get     'x-cache': 'HIT',
127 silly get     'x-cache-hits': '15',
127 silly get     'x-timer': 'S1515284442.650662,VS0,VE0',
127 silly get     vary: 'Accept-Encoding, Accept' } ]
128 verbose get saving async to /home/mjhaveri/.npm/registry.npmjs.org/async/.cache.json
129 http 200 https://registry.npmjs.org/glob
130 verbose headers { 'content-type': 'application/json; charset=UTF-8',
130 verbose headers   server: 'UploadServer',
130 verbose headers   'cache-control': 'max-age=300',
130 verbose headers   'last-modified': 'Wed, 3 Jan 2018 9:04:28 GMT',
130 verbose headers   etag: '"5a4c9c9c-20164"',
130 verbose headers   'content-encoding': 'gzip',
130 verbose headers   'content-length': '18739',
130 verbose headers   'accept-ranges': 'bytes',
130 verbose headers   date: 'Sun, 07 Jan 2018 00:20:41 GMT',
130 verbose headers   via: '1.1 varnish',
130 verbose headers   age: '11698',
130 verbose headers   connection: 'keep-alive',
130 verbose headers   'x-served-by': 'cache-jfk8150-JFK',
130 verbose headers   'x-cache': 'HIT',
130 verbose headers   'x-cache-hits': '416',
130 verbose headers   'x-timer': 'S1515284442.675961,VS0,VE0',
130 verbose headers   vary: 'Accept-Encoding, Accept' }
131 silly get cb [ 200,
131 silly get   { 'content-type': 'application/json; charset=UTF-8',
131 silly get     server: 'UploadServer',
131 silly get     'cache-control': 'max-age=300',
131 silly get     'last-modified': 'Wed, 3 Jan 2018 9:04:28 GMT',
131 silly get     etag: '"5a4c9c9c-20164"',
131 silly get     'content-encoding': 'gzip',
131 silly get     'content-length': '18739',
131 silly get     'accept-ranges': 'bytes',
131 silly get     date: 'Sun, 07 Jan 2018 00:20:41 GMT',
131 silly get     via: '1.1 varnish',
131 silly get     age: '11698',
131 silly get     connection: 'keep-alive',
131 silly get     'x-served-by': 'cache-jfk8150-JFK',
131 silly get     'x-cache': 'HIT',
131 silly get     'x-cache-hits': '416',
131 silly get     'x-timer': 'S1515284442.675961,VS0,VE0',
131 silly get     vary: 'Accept-Encoding, Accept' } ]
132 verbose get saving glob to /home/mjhaveri/.npm/registry.npmjs.org/glob/.cache.json
133 silly resolveWithNewModule async@1.5.2 checking installable status
134 silly cache add args [ 'async@^1.5.2', null ]
135 verbose cache add spec async@^1.5.2
136 silly cache add parsed spec Result {
136 silly cache add   raw: 'async@^1.5.2',
136 silly cache add   scope: null,
136 silly cache add   name: 'async',
136 silly cache add   rawSpec: '^1.5.2',
136 silly cache add   spec: '>=1.5.2 <2.0.0',
136 silly cache add   type: 'range' }
137 silly addNamed async@>=1.5.2 <2.0.0
138 verbose addNamed ">=1.5.2 <2.0.0" is a valid semver range for async
139 silly addNameRange { name: 'async', range: '>=1.5.2 <2.0.0', hasData: false }
140 silly mapToRegistry name async
141 silly mapToRegistry using default registry
142 silly mapToRegistry registry https://registry.npmjs.org/
143 silly mapToRegistry uri https://registry.npmjs.org/async
144 verbose addNameRange registry:https://registry.npmjs.org/async not in flight; fetching
145 verbose get https://registry.npmjs.org/async not expired, no request
146 silly addNameRange number 2 { name: 'async', range: '>=1.5.2 <2.0.0', hasData: true }
147 silly addNameRange versions [ 'async',
147 silly addNameRange   [ '0.1.0',
147 silly addNameRange     '0.1.1',
147 silly addNameRange     '0.1.2',
147 silly addNameRange     '0.1.3',
147 silly addNameRange     '0.1.4',
147 silly addNameRange     '0.1.5',
147 silly addNameRange     '0.1.6',
147 silly addNameRange     '0.1.7',
147 silly addNameRange     '0.1.8',
147 silly addNameRange     '0.1.9',
147 silly addNameRange     '0.1.10',
147 silly addNameRange     '0.1.11',
147 silly addNameRange     '0.1.12',
147 silly addNameRange     '0.1.13',
147 silly addNameRange     '0.1.14',
147 silly addNameRange     '0.1.15',
147 silly addNameRange     '0.1.16',
147 silly addNameRange     '0.1.17',
147 silly addNameRange     '0.1.18',
147 silly addNameRange     '0.1.19',
147 silly addNameRange     '0.1.20',
147 silly addNameRange     '0.1.21',
147 silly addNameRange     '0.1.22',
147 silly addNameRange     '0.2.0',
147 silly addNameRange     '0.2.1',
147 silly addNameRange     '0.2.2',
147 silly addNameRange     '0.2.3',
147 silly addNameRange     '0.2.4',
147 silly addNameRange     '0.2.5',
147 silly addNameRange     '0.2.6',
147 silly addNameRange     '0.2.7',
147 silly addNameRange     '0.2.8',
147 silly addNameRange     '0.2.9',
147 silly addNameRange     '0.2.10',
147 silly addNameRange     '0.3.0',
147 silly addNameRange     '0.4.0',
147 silly addNameRange     '0.4.1',
147 silly addNameRange     '0.5.0',
147 silly addNameRange     '0.6.0',
147 silly addNameRange     '0.6.1',
147 silly addNameRange     '0.6.2',
147 silly addNameRange     '0.7.0',
147 silly addNameRange     '0.8.0',
147 silly addNameRange     '0.9.0',
147 silly addNameRange     '0.9.2',
147 silly addNameRange     '1.0.0',
147 silly addNameRange     '1.1.0',
147 silly addNameRange     '1.2.0',
147 silly addNameRange     '1.1.1',
147 silly addNameRange     '1.2.1',
147 silly addNameRange     '1.3.0',
147 silly addNameRange     '1.4.0',
147 silly addNameRange     '1.4.1',
147 silly addNameRange     '1.4.2',
147 silly addNameRange     '1.5.0',
147 silly addNameRange     '1.5.1',
147 silly addNameRange     '1.5.2',
147 silly addNameRange     '2.0.0-alpha.0',
147 silly addNameRange     '2.0.0-rc.1',
147 silly addNameRange     '2.0.0-rc.2',
147 silly addNameRange     '2.0.0-rc.3',
147 silly addNameRange     '2.0.0-rc.4',
147 silly addNameRange     '2.0.0-rc.5',
147 silly addNameRange     '2.0.0-rc.6',
147 silly addNameRange     '2.0.0',
147 silly addNameRange     '2.0.1',
147 silly addNameRange     '2.1.0',
147 silly addNameRange     '2.1.1',
147 silly addNameRange     '2.1.2',
147 silly addNameRange     '2.1.4',
147 silly addNameRange     '2.1.5',
147 silly addNameRange     '2.2.0',
147 silly addNameRange     '2.3.0',
147 silly addNameRange     '2.4.0',
147 silly addNameRange     '2.4.1',
147 silly addNameRange     '2.5.0',
147 silly addNameRange     '2.6.0' ] ]
148 silly addNamed async@1.5.2
149 verbose addNamed "1.5.2" is a plain semver version for async
150 silly mapToRegistry name async
151 silly mapToRegistry using default registry
152 silly mapToRegistry registry https://registry.npmjs.org/
153 silly mapToRegistry uri https://registry.npmjs.org/async
154 verbose addRemoteTarball https://registry.npmjs.org/async/-/async-1.5.2.tgz not in flight; adding
155 verbose addRemoteTarball [ 'https://registry.npmjs.org/async/-/async-1.5.2.tgz',
155 verbose addRemoteTarball   'ec6a61ae56480c0c3cb241c95618e20892f9672a' ]
156 silly resolveWithNewModule glob@7.1.2 checking installable status
157 silly cache add args [ 'glob@^7.0.0', null ]
158 verbose cache add spec glob@^7.0.0
159 silly cache add parsed spec Result {
159 silly cache add   raw: 'glob@^7.0.0',
159 silly cache add   scope: null,
159 silly cache add   name: 'glob',
159 silly cache add   rawSpec: '^7.0.0',
159 silly cache add   spec: '>=7.0.0 <8.0.0',
159 silly cache add   type: 'range' }
160 silly addNamed glob@>=7.0.0 <8.0.0
161 verbose addNamed ">=7.0.0 <8.0.0" is a valid semver range for glob
162 silly addNameRange { name: 'glob', range: '>=7.0.0 <8.0.0', hasData: false }
163 silly mapToRegistry name glob
164 silly mapToRegistry using default registry
165 silly mapToRegistry registry https://registry.npmjs.org/
166 silly mapToRegistry uri https://registry.npmjs.org/glob
167 verbose addNameRange registry:https://registry.npmjs.org/glob not in flight; fetching
168 info retry fetch attempt 1 at 7:20:41 PM
169 info attempt registry request try #1 at 7:20:41 PM
170 http fetch GET https://registry.npmjs.org/async/-/async-1.5.2.tgz
171 verbose get https://registry.npmjs.org/glob not expired, no request
172 silly addNameRange number 2 { name: 'glob', range: '>=7.0.0 <8.0.0', hasData: true }
173 silly addNameRange versions [ 'glob',
173 silly addNameRange   [ '1.1.0',
173 silly addNameRange     '2.0.9',
173 silly addNameRange     '2.0.8',
173 silly addNameRange     '2.0.7',
173 silly addNameRange     '2.1.0',
173 silly addNameRange     '3.0.0',
173 silly addNameRange     '3.0.1',
173 silly addNameRange     '3.1.0',
173 silly addNameRange     '3.1.1',
173 silly addNameRange     '3.1.2',
173 silly addNameRange     '3.1.3',
173 silly addNameRange     '3.1.4',
173 silly addNameRange     '3.1.5',
173 silly addNameRange     '3.1.6',
173 silly addNameRange     '3.1.7',
173 silly addNameRange     '3.1.9',
173 silly addNameRange     '3.1.10',
173 silly addNameRange     '3.1.11',
173 silly addNameRange     '3.1.12',
173 silly addNameRange     '3.1.13',
173 silly addNameRange     '3.1.14',
173 silly addNameRange     '3.1.15',
173 silly addNameRange     '3.1.16',
173 silly addNameRange     '3.1.17',
173 silly addNameRange     '3.1.18',
173 silly addNameRange     '3.1.19',
173 silly addNameRange     '3.1.20',
173 silly addNameRange     '3.1.21',
173 silly addNameRange     '3.2.0',
173 silly addNameRange     '3.2.1',
173 silly addNameRange     '3.2.3',
173 silly addNameRange     '3.2.4',
173 silly addNameRange     '3.2.5',
173 silly addNameRange     '3.2.6',
173 silly addNameRange     '3.2.7',
173 silly addNameRange     '3.2.8',
173 silly addNameRange     '3.2.9',
173 silly addNameRange     '3.2.10',
173 silly addNameRange     '3.2.11',
173 silly addNameRange     '4.0.0',
173 silly addNameRange     '4.0.1',
173 silly addNameRange     '4.0.2',
173 silly addNameRange     '4.0.3',
173 silly addNameRange     '4.0.4',
173 silly addNameRange     '4.0.5',
173 silly addNameRange     '4.0.6',
173 silly addNameRange     '4.1.2-beta',
173 silly addNameRange     '4.1.2',
173 silly addNameRange     '4.1.3',
173 silly addNameRange     '4.1.4',
173 silly addNameRange     '4.1.5',
173 silly addNameRange     '4.1.6',
173 silly addNameRange     '4.2.0',
173 silly addNameRange     '4.2.1',
173 silly addNameRange     '4.2.2',
173 silly addNameRange     '4.3.0',
173 silly addNameRange     '4.3.1',
173 silly addNameRange     '4.3.2',
173 silly addNameRange     '4.3.3',
173 silly addNameRange     '4.3.4',
173 silly addNameRange     '4.3.5',
173 silly addNameRange     '4.4.0',
173 silly addNameRange     '4.4.2',
173 silly addNameRange     '4.5.0',
173 silly addNameRange     '5.0.0',
173 silly addNameRange     '4.5.1',
173 silly addNameRange     '5.0.1',
173 silly addNameRange     '4.5.2',
173 silly addNameRange     '5.0.2',
173 silly addNameRange     '4.5.3',
173 silly addNameRange     '5.0.3',
173 silly addNameRange     '5.0.4',
173 silly addNameRange     '5.0.5',
173 silly addNameRange     '5.0.6',
173 silly addNameRange     '5.0.7',
173 silly addNameRange     '5.0.9',
173 silly addNameRange     '5.0.10',
173 silly addNameRange     '5.0.11',
173 silly addNameRange     '5.0.12',
173 silly addNameRange     '5.0.13',
173 silly addNameRange     '5.0.14',
173 silly addNameRange     '5.0.15',
173 silly addNameRange     '6.0.1',
173 silly addNameRange     '6.0.2',
173 silly addNameRange     '6.0.3',
173 silly addNameRange     '6.0.4',
173 silly addNameRange     '7.0.0',
173 silly addNameRange     '7.0.1',
173 silly addNameRange     '7.0.3',
173 silly addNameRange     '7.0.4',
173 silly addNameRange     '7.0.5',
173 silly addNameRange     '7.0.6',
173 silly addNameRange     '7.1.0',
173 silly addNameRange     '7.1.1',
173 silly addNameRange     '7.1.2' ] ]
174 silly addNamed glob@7.1.2
175 verbose addNamed "7.1.2" is a plain semver version for glob
176 silly cache afterAdd glob@7.1.2
177 verbose afterAdd /home/mjhaveri/.npm/glob/7.1.2/package/package.json not in flight; writing
178 verbose afterAdd /home/mjhaveri/.npm/glob/7.1.2/package/package.json written
179 http fetch 200 https://registry.npmjs.org/resolve/-/resolve-1.5.0.tgz
180 silly fetchAndShaCheck shasum 1f09acce796c9a762579f31b2c1cc4c3cddf9f36
181 verbose addTmpTarball /tmp/npm-12245-da3a5849/registry.npmjs.org/resolve/-/resolve-1.5.0.tgz not in flight; adding
182 verbose addTmpTarball already have metadata; skipping unpack for resolve@1.5.0
183 silly cache afterAdd resolve@1.5.0
184 verbose afterAdd /home/mjhaveri/.npm/resolve/1.5.0/package/package.json not in flight; writing
185 verbose afterAdd /home/mjhaveri/.npm/resolve/1.5.0/package/package.json written
186 http fetch 200 https://registry.npmjs.org/async/-/async-1.5.2.tgz
187 silly fetchAndShaCheck shasum ec6a61ae56480c0c3cb241c95618e20892f9672a
188 verbose addTmpTarball /tmp/npm-12245-da3a5849/registry.npmjs.org/async/-/async-1.5.2.tgz not in flight; adding
189 verbose addTmpTarball already have metadata; skipping unpack for async@1.5.2
190 silly cache afterAdd async@1.5.2
191 verbose afterAdd /home/mjhaveri/.npm/async/1.5.2/package/package.json not in flight; writing
192 verbose afterAdd /home/mjhaveri/.npm/async/1.5.2/package/package.json written
193 silly fetchNamedPackageData fs.realpath
194 silly mapToRegistry name fs.realpath
195 silly mapToRegistry using default registry
196 silly mapToRegistry registry https://registry.npmjs.org/
197 silly mapToRegistry uri https://registry.npmjs.org/fs.realpath
198 silly fetchNamedPackageData inflight
199 silly mapToRegistry name inflight
200 silly mapToRegistry using default registry
201 silly mapToRegistry registry https://registry.npmjs.org/
202 silly mapToRegistry uri https://registry.npmjs.org/inflight
203 silly fetchNamedPackageData inherits
204 silly mapToRegistry name inherits
205 silly mapToRegistry using default registry
206 silly mapToRegistry registry https://registry.npmjs.org/
207 silly mapToRegistry uri https://registry.npmjs.org/inherits
208 silly fetchNamedPackageData minimatch
209 silly mapToRegistry name minimatch
210 silly mapToRegistry using default registry
211 silly mapToRegistry registry https://registry.npmjs.org/
212 silly mapToRegistry uri https://registry.npmjs.org/minimatch
213 silly fetchNamedPackageData once
214 silly mapToRegistry name once
215 silly mapToRegistry using default registry
216 silly mapToRegistry registry https://registry.npmjs.org/
217 silly mapToRegistry uri https://registry.npmjs.org/once
218 silly fetchNamedPackageData path-is-absolute
219 silly mapToRegistry name path-is-absolute
220 silly mapToRegistry using default registry
221 silly mapToRegistry registry https://registry.npmjs.org/
222 silly mapToRegistry uri https://registry.npmjs.org/path-is-absolute
223 verbose request uri https://registry.npmjs.org/fs.realpath
224 verbose request no auth needed
225 info attempt registry request try #1 at 7:20:42 PM
226 verbose etag "5818d000-107b"
227 verbose lastModified Tue, 1 Nov 2016 17:25:20 GMT
228 http request GET https://registry.npmjs.org/fs.realpath
229 verbose request uri https://registry.npmjs.org/minimatch
230 verbose request no auth needed
231 info attempt registry request try #1 at 7:20:42 PM
232 verbose etag "5a24fcca-d240"
233 verbose lastModified Mon, 4 Dec 2017 7:44:10 GMT
234 http request GET https://registry.npmjs.org/minimatch
235 verbose request uri https://registry.npmjs.org/inflight
236 verbose request no auth needed
237 info attempt registry request try #1 at 7:20:42 PM
238 verbose etag "59e14329-25b8"
239 verbose lastModified Fri, 13 Oct 2017 22:50:17 GMT
240 http request GET https://registry.npmjs.org/inflight
241 verbose request uri https://registry.npmjs.org/inherits
242 verbose request no auth needed
243 info attempt registry request try #1 at 7:20:42 PM
244 verbose etag "59efd16d-2246"
245 verbose lastModified Tue, 24 Oct 2017 23:49:01 GMT
246 http request GET https://registry.npmjs.org/inherits
247 verbose request uri https://registry.npmjs.org/once
248 verbose request no auth needed
249 info attempt registry request try #1 at 7:20:42 PM
250 verbose etag "59de3d83-25f6"
251 verbose lastModified Wed, 11 Oct 2017 15:49:23 GMT
252 http request GET https://registry.npmjs.org/once
253 verbose request uri https://registry.npmjs.org/path-is-absolute
254 verbose request no auth needed
255 info attempt registry request try #1 at 7:20:42 PM
256 verbose etag "58e77292-133a"
257 verbose lastModified Fri, 7 Apr 2017 11:05:54 GMT
258 http request GET https://registry.npmjs.org/path-is-absolute
259 http 304 https://registry.npmjs.org/fs.realpath
260 verbose headers { date: 'Sun, 07 Jan 2018 00:20:42 GMT',
260 verbose headers   via: '1.1 varnish',
260 verbose headers   'cache-control': 'max-age=300',
260 verbose headers   etag: '"5818d000-107b"',
260 verbose headers   age: '5506',
260 verbose headers   connection: 'keep-alive',
260 verbose headers   'x-served-by': 'cache-jfk8146-JFK',
260 verbose headers   'x-cache': 'HIT',
260 verbose headers   'x-cache-hits': '155',
260 verbose headers   'x-timer': 'S1515284442.105089,VS0,VE0',
260 verbose headers   vary: 'Accept-Encoding, Accept' }
261 silly get cb [ 304,
261 silly get   { date: 'Sun, 07 Jan 2018 00:20:42 GMT',
261 silly get     via: '1.1 varnish',
261 silly get     'cache-control': 'max-age=300',
261 silly get     etag: '"5818d000-107b"',
261 silly get     age: '5506',
261 silly get     connection: 'keep-alive',
261 silly get     'x-served-by': 'cache-jfk8146-JFK',
261 silly get     'x-cache': 'HIT',
261 silly get     'x-cache-hits': '155',
261 silly get     'x-timer': 'S1515284442.105089,VS0,VE0',
261 silly get     vary: 'Accept-Encoding, Accept' } ]
262 verbose etag https://registry.npmjs.org/fs.realpath from cache
263 verbose get saving fs.realpath to /home/mjhaveri/.npm/registry.npmjs.org/fs.realpath/.cache.json
264 silly resolveWithNewModule fs.realpath@1.0.0 checking installable status
265 silly cache add args [ 'fs.realpath@^1.0.0', null ]
266 verbose cache add spec fs.realpath@^1.0.0
267 silly cache add parsed spec Result {
267 silly cache add   raw: 'fs.realpath@^1.0.0',
267 silly cache add   scope: null,
267 silly cache add   name: 'fs.realpath',
267 silly cache add   rawSpec: '^1.0.0',
267 silly cache add   spec: '>=1.0.0 <2.0.0',
267 silly cache add   type: 'range' }
268 silly addNamed fs.realpath@>=1.0.0 <2.0.0
269 verbose addNamed ">=1.0.0 <2.0.0" is a valid semver range for fs.realpath
270 silly addNameRange { name: 'fs.realpath', range: '>=1.0.0 <2.0.0', hasData: false }
271 silly mapToRegistry name fs.realpath
272 silly mapToRegistry using default registry
273 silly mapToRegistry registry https://registry.npmjs.org/
274 silly mapToRegistry uri https://registry.npmjs.org/fs.realpath
275 verbose addNameRange registry:https://registry.npmjs.org/fs.realpath not in flight; fetching
276 verbose get https://registry.npmjs.org/fs.realpath not expired, no request
277 silly addNameRange number 2 { name: 'fs.realpath', range: '>=1.0.0 <2.0.0', hasData: true }
278 silly addNameRange versions [ 'fs.realpath', [ '0.0.0', '1.0.0' ] ]
279 silly addNamed fs.realpath@1.0.0
280 verbose addNamed "1.0.0" is a plain semver version for fs.realpath
281 silly cache afterAdd fs.realpath@1.0.0
282 verbose afterAdd /home/mjhaveri/.npm/fs.realpath/1.0.0/package/package.json not in flight; writing
283 verbose afterAdd /home/mjhaveri/.npm/fs.realpath/1.0.0/package/package.json written
284 http 200 https://registry.npmjs.org/inherits
285 verbose headers { 'content-type': 'application/json; charset=UTF-8',
285 verbose headers   server: 'UploadServer',
285 verbose headers   'cache-control': 'max-age=300',
285 verbose headers   'last-modified': 'Wed, 3 Jan 2018 5:09:49 GMT',
285 verbose headers   etag: '"5a4c659d-2256"',
285 verbose headers   'content-encoding': 'gzip',
285 verbose headers   'content-length': '2481',
285 verbose headers   'accept-ranges': 'bytes',
285 verbose headers   date: 'Sun, 07 Jan 2018 00:20:42 GMT',
285 verbose headers   via: '1.1 varnish',
285 verbose headers   age: '11375',
285 verbose headers   connection: 'keep-alive',
285 verbose headers   'x-served-by': 'cache-jfk8120-JFK',
285 verbose headers   'x-cache': 'HIT',
285 verbose headers   'x-cache-hits': '444',
285 verbose headers   'x-timer': 'S1515284442.142980,VS0,VE0',
285 verbose headers   vary: 'Accept-Encoding, Accept' }
286 silly get cb [ 200,
286 silly get   { 'content-type': 'application/json; charset=UTF-8',
286 silly get     server: 'UploadServer',
286 silly get     'cache-control': 'max-age=300',
286 silly get     'last-modified': 'Wed, 3 Jan 2018 5:09:49 GMT',
286 silly get     etag: '"5a4c659d-2256"',
286 silly get     'content-encoding': 'gzip',
286 silly get     'content-length': '2481',
286 silly get     'accept-ranges': 'bytes',
286 silly get     date: 'Sun, 07 Jan 2018 00:20:42 GMT',
286 silly get     via: '1.1 varnish',
286 silly get     age: '11375',
286 silly get     connection: 'keep-alive',
286 silly get     'x-served-by': 'cache-jfk8120-JFK',
286 silly get     'x-cache': 'HIT',
286 silly get     'x-cache-hits': '444',
286 silly get     'x-timer': 'S1515284442.142980,VS0,VE0',
286 silly get     vary: 'Accept-Encoding, Accept' } ]
287 verbose get saving inherits to /home/mjhaveri/.npm/registry.npmjs.org/inherits/.cache.json
288 http 304 https://registry.npmjs.org/once
289 verbose headers { date: 'Sun, 07 Jan 2018 00:20:42 GMT',
289 verbose headers   via: '1.1 varnish',
289 verbose headers   'cache-control': 'max-age=300',
289 verbose headers   etag: '"59de3d83-25f6"',
289 verbose headers   age: '11438',
289 verbose headers   connection: 'keep-alive',
289 verbose headers   'x-served-by': 'cache-jfk8123-JFK',
289 verbose headers   'x-cache': 'HIT',
289 verbose headers   'x-cache-hits': '354',
289 verbose headers   'x-timer': 'S1515284442.153317,VS0,VE0',
289 verbose headers   vary: 'Accept-Encoding, Accept' }
290 silly get cb [ 304,
290 silly get   { date: 'Sun, 07 Jan 2018 00:20:42 GMT',
290 silly get     via: '1.1 varnish',
290 silly get     'cache-control': 'max-age=300',
290 silly get     etag: '"59de3d83-25f6"',
290 silly get     age: '11438',
290 silly get     connection: 'keep-alive',
290 silly get     'x-served-by': 'cache-jfk8123-JFK',
290 silly get     'x-cache': 'HIT',
290 silly get     'x-cache-hits': '354',
290 silly get     'x-timer': 'S1515284442.153317,VS0,VE0',
290 silly get     vary: 'Accept-Encoding, Accept' } ]
291 verbose etag https://registry.npmjs.org/once from cache
292 verbose get saving once to /home/mjhaveri/.npm/registry.npmjs.org/once/.cache.json
293 http 200 https://registry.npmjs.org/minimatch
294 verbose headers { 'content-type': 'application/json; charset=UTF-8',
294 verbose headers   server: 'UploadServer',
294 verbose headers   'cache-control': 'max-age=300',
294 verbose headers   'last-modified': 'Sun, 31 Dec 2017 3:46:47 GMT',
294 verbose headers   etag: '"5a485da7-d24e"',
294 verbose headers   'content-encoding': 'gzip',
294 verbose headers   'content-length': '8225',
294 verbose headers   'accept-ranges': 'bytes',
294 verbose headers   date: 'Sun, 07 Jan 2018 00:20:42 GMT',
294 verbose headers   via: '1.1 varnish',
294 verbose headers   age: '1891',
294 verbose headers   connection: 'keep-alive',
294 verbose headers   'x-served-by': 'cache-jfk8127-JFK',
294 verbose headers   'x-cache': 'HIT',
294 verbose headers   'x-cache-hits': '63',
294 verbose headers   'x-timer': 'S1515284442.143041,VS0,VE0',
294 verbose headers   vary: 'Accept-Encoding, Accept' }
295 silly get cb [ 200,
295 silly get   { 'content-type': 'application/json; charset=UTF-8',
295 silly get     server: 'UploadServer',
295 silly get     'cache-control': 'max-age=300',
295 silly get     'last-modified': 'Sun, 31 Dec 2017 3:46:47 GMT',
295 silly get     etag: '"5a485da7-d24e"',
295 silly get     'content-encoding': 'gzip',
295 silly get     'content-length': '8225',
295 silly get     'accept-ranges': 'bytes',
295 silly get     date: 'Sun, 07 Jan 2018 00:20:42 GMT',
295 silly get     via: '1.1 varnish',
295 silly get     age: '1891',
295 silly get     connection: 'keep-alive',
295 silly get     'x-served-by': 'cache-jfk8127-JFK',
295 silly get     'x-cache': 'HIT',
295 silly get     'x-cache-hits': '63',
295 silly get     'x-timer': 'S1515284442.143041,VS0,VE0',
295 silly get     vary: 'Accept-Encoding, Accept' } ]
296 verbose get saving minimatch to /home/mjhaveri/.npm/registry.npmjs.org/minimatch/.cache.json
297 silly resolveWithNewModule inherits@2.0.3 checking installable status
298 silly cache add args [ 'inherits@2', null ]
299 verbose cache add spec inherits@2
300 silly cache add parsed spec Result {
300 silly cache add   raw: 'inherits@2',
300 silly cache add   scope: null,
300 silly cache add   name: 'inherits',
300 silly cache add   rawSpec: '2',
300 silly cache add   spec: '>=2.0.0 <3.0.0',
300 silly cache add   type: 'range' }
301 silly addNamed inherits@>=2.0.0 <3.0.0
302 verbose addNamed ">=2.0.0 <3.0.0" is a valid semver range for inherits
303 silly addNameRange { name: 'inherits', range: '>=2.0.0 <3.0.0', hasData: false }
304 silly mapToRegistry name inherits
305 silly mapToRegistry using default registry
306 silly mapToRegistry registry https://registry.npmjs.org/
307 silly mapToRegistry uri https://registry.npmjs.org/inherits
308 verbose addNameRange registry:https://registry.npmjs.org/inherits not in flight; fetching
309 silly resolveWithNewModule once@1.4.0 checking installable status
310 silly cache add args [ 'once@^1.3.0', null ]
311 verbose cache add spec once@^1.3.0
312 silly cache add parsed spec Result {
312 silly cache add   raw: 'once@^1.3.0',
312 silly cache add   scope: null,
312 silly cache add   name: 'once',
312 silly cache add   rawSpec: '^1.3.0',
312 silly cache add   spec: '>=1.3.0 <2.0.0',
312 silly cache add   type: 'range' }
313 silly addNamed once@>=1.3.0 <2.0.0
314 verbose addNamed ">=1.3.0 <2.0.0" is a valid semver range for once
315 silly addNameRange { name: 'once', range: '>=1.3.0 <2.0.0', hasData: false }
316 silly mapToRegistry name once
317 silly mapToRegistry using default registry
318 silly mapToRegistry registry https://registry.npmjs.org/
319 silly mapToRegistry uri https://registry.npmjs.org/once
320 verbose addNameRange registry:https://registry.npmjs.org/once not in flight; fetching
321 http 304 https://registry.npmjs.org/inflight
322 verbose headers { date: 'Sun, 07 Jan 2018 00:20:42 GMT',
322 verbose headers   via: '1.1 varnish',
322 verbose headers   'cache-control': 'max-age=300',
322 verbose headers   etag: '"59e14329-25b8"',
322 verbose headers   age: '11438',
322 verbose headers   connection: 'keep-alive',
322 verbose headers   'x-served-by': 'cache-jfk8142-JFK',
322 verbose headers   'x-cache': 'HIT',
322 verbose headers   'x-cache-hits': '356',
322 verbose headers   'x-timer': 'S1515284442.172709,VS0,VE0',
322 verbose headers   vary: 'Accept-Encoding, Accept' }
323 silly get cb [ 304,
323 silly get   { date: 'Sun, 07 Jan 2018 00:20:42 GMT',
323 silly get     via: '1.1 varnish',
323 silly get     'cache-control': 'max-age=300',
323 silly get     etag: '"59e14329-25b8"',
323 silly get     age: '11438',
323 silly get     connection: 'keep-alive',
323 silly get     'x-served-by': 'cache-jfk8142-JFK',
323 silly get     'x-cache': 'HIT',
323 silly get     'x-cache-hits': '356',
323 silly get     'x-timer': 'S1515284442.172709,VS0,VE0',
323 silly get     vary: 'Accept-Encoding, Accept' } ]
324 verbose etag https://registry.npmjs.org/inflight from cache
325 verbose get saving inflight to /home/mjhaveri/.npm/registry.npmjs.org/inflight/.cache.json
326 silly resolveWithNewModule minimatch@3.0.4 checking installable status
327 silly cache add args [ 'minimatch@^3.0.4', null ]
328 verbose cache add spec minimatch@^3.0.4
329 silly cache add parsed spec Result {
329 silly cache add   raw: 'minimatch@^3.0.4',
329 silly cache add   scope: null,
329 silly cache add   name: 'minimatch',
329 silly cache add   rawSpec: '^3.0.4',
329 silly cache add   spec: '>=3.0.4 <4.0.0',
329 silly cache add   type: 'range' }
330 silly addNamed minimatch@>=3.0.4 <4.0.0
331 verbose addNamed ">=3.0.4 <4.0.0" is a valid semver range for minimatch
332 silly addNameRange { name: 'minimatch', range: '>=3.0.4 <4.0.0', hasData: false }
333 silly mapToRegistry name minimatch
334 silly mapToRegistry using default registry
335 silly mapToRegistry registry https://registry.npmjs.org/
336 silly mapToRegistry uri https://registry.npmjs.org/minimatch
337 verbose addNameRange registry:https://registry.npmjs.org/minimatch not in flight; fetching
338 verbose get https://registry.npmjs.org/inherits not expired, no request
339 silly addNameRange number 2 { name: 'inherits', range: '>=2.0.0 <3.0.0', hasData: true }
340 silly addNameRange versions [ 'inherits',
340 silly addNameRange   [ '1.0.0', '2.0.0', '2.0.1', '1.0.1', '1.0.2', '2.0.3' ] ]
341 silly addNamed inherits@2.0.3
342 verbose addNamed "2.0.3" is a plain semver version for inherits
343 verbose get https://registry.npmjs.org/once not expired, no request
344 silly addNameRange number 2 { name: 'once', range: '>=1.3.0 <2.0.0', hasData: true }
345 silly addNameRange versions [ 'once',
345 silly addNameRange   [ '1.1.1', '1.2.0', '1.3.0', '1.3.1', '1.3.2', '1.3.3', '1.4.0' ] ]
346 silly addNamed once@1.4.0
347 verbose addNamed "1.4.0" is a plain semver version for once
348 verbose get https://registry.npmjs.org/minimatch not expired, no request
349 silly addNameRange number 2 { name: 'minimatch', range: '>=3.0.4 <4.0.0', hasData: true }
350 silly addNameRange versions [ 'minimatch',
350 silly addNameRange   [ '0.0.1',
350 silly addNameRange     '0.0.2',
350 silly addNameRange     '0.0.4',
350 silly addNameRange     '0.0.5',
350 silly addNameRange     '0.1.1',
350 silly addNameRange     '0.1.2',
350 silly addNameRange     '0.1.3',
350 silly addNameRange     '0.1.4',
350 silly addNameRange     '0.1.5',
350 silly addNameRange     '0.2.0',
350 silly addNameRange     '0.2.2',
350 silly addNameRange     '0.2.3',
350 silly addNameRange     '0.2.4',
350 silly addNameRange     '0.2.5',
350 silly addNameRange     '0.2.6',
350 silly addNameRange     '0.2.7',
350 silly addNameRange     '0.2.8',
350 silly addNameRange     '0.2.9',
350 silly addNameRange     '0.2.10',
350 silly addNameRange     '0.2.11',
350 silly addNameRange     '0.2.12',
350 silly addNameRange     '0.2.13',
350 silly addNameRange     '0.2.14',
350 silly addNameRange     '0.3.0',
350 silly addNameRange     '0.4.0',
350 silly addNameRange     '1.0.0',
350 silly addNameRange     '2.0.0',
350 silly addNameRange     '2.0.1',
350 silly addNameRange     '2.0.2',
350 silly addNameRange     '2.0.3',
350 silly addNameRange     '2.0.4',
350 silly addNameRange     '2.0.5',
350 silly addNameRange     '2.0.6',
350 silly addNameRange     '2.0.7',
350 silly addNameRange     '2.0.8',
350 silly addNameRange     '2.0.9',
350 silly addNameRange     '2.0.10',
350 silly addNameRange     '3.0.0',
350 silly addNameRange     '3.0.2',
350 silly addNameRange     '3.0.3',
350 silly addNameRange     '3.0.4' ] ]
351 silly addNamed minimatch@3.0.4
352 verbose addNamed "3.0.4" is a plain semver version for minimatch
353 silly resolveWithNewModule inflight@1.0.6 checking installable status
354 silly cache add args [ 'inflight@^1.0.4', null ]
355 verbose cache add spec inflight@^1.0.4
356 silly cache add parsed spec Result {
356 silly cache add   raw: 'inflight@^1.0.4',
356 silly cache add   scope: null,
356 silly cache add   name: 'inflight',
356 silly cache add   rawSpec: '^1.0.4',
356 silly cache add   spec: '>=1.0.4 <2.0.0',
356 silly cache add   type: 'range' }
357 silly addNamed inflight@>=1.0.4 <2.0.0
358 verbose addNamed ">=1.0.4 <2.0.0" is a valid semver range for inflight
359 silly addNameRange { name: 'inflight', range: '>=1.0.4 <2.0.0', hasData: false }
360 silly mapToRegistry name inflight
361 silly mapToRegistry using default registry
362 silly mapToRegistry registry https://registry.npmjs.org/
363 silly mapToRegistry uri https://registry.npmjs.org/inflight
364 verbose addNameRange registry:https://registry.npmjs.org/inflight not in flight; fetching
365 silly cache afterAdd inherits@2.0.3
366 verbose afterAdd /home/mjhaveri/.npm/inherits/2.0.3/package/package.json not in flight; writing
367 silly cache afterAdd minimatch@3.0.4
368 verbose afterAdd /home/mjhaveri/.npm/minimatch/3.0.4/package/package.json not in flight; writing
369 silly cache afterAdd once@1.4.0
370 verbose afterAdd /home/mjhaveri/.npm/once/1.4.0/package/package.json not in flight; writing
371 verbose get https://registry.npmjs.org/inflight not expired, no request
372 silly addNameRange number 2 { name: 'inflight', range: '>=1.0.4 <2.0.0', hasData: true }
373 silly addNameRange versions [ 'inflight',
373 silly addNameRange   [ '1.0.0', '1.0.1', '1.0.2', '1.0.3', '1.0.4', '1.0.5', '1.0.6' ] ]
374 silly addNamed inflight@1.0.6
375 verbose addNamed "1.0.6" is a plain semver version for inflight
376 http 304 https://registry.npmjs.org/path-is-absolute
377 verbose headers { date: 'Sun, 07 Jan 2018 00:20:42 GMT',
377 verbose headers   via: '1.1 varnish',
377 verbose headers   'cache-control': 'max-age=300',
377 verbose headers   etag: '"58e77292-133a"',
377 verbose headers   age: '5540',
377 verbose headers   connection: 'keep-alive',
377 verbose headers   'x-served-by': 'cache-jfk8142-JFK',
377 verbose headers   'x-cache': 'HIT',
377 verbose headers   'x-cache-hits': '157',
377 verbose headers   'x-timer': 'S1515284442.207847,VS0,VE0',
377 verbose headers   vary: 'Accept-Encoding, Accept' }
378 silly get cb [ 304,
378 silly get   { date: 'Sun, 07 Jan 2018 00:20:42 GMT',
378 silly get     via: '1.1 varnish',
378 silly get     'cache-control': 'max-age=300',
378 silly get     etag: '"58e77292-133a"',
378 silly get     age: '5540',
378 silly get     connection: 'keep-alive',
378 silly get     'x-served-by': 'cache-jfk8142-JFK',
378 silly get     'x-cache': 'HIT',
378 silly get     'x-cache-hits': '157',
378 silly get     'x-timer': 'S1515284442.207847,VS0,VE0',
378 silly get     vary: 'Accept-Encoding, Accept' } ]
379 verbose etag https://registry.npmjs.org/path-is-absolute from cache
380 verbose get saving path-is-absolute to /home/mjhaveri/.npm/registry.npmjs.org/path-is-absolute/.cache.json
381 verbose afterAdd /home/mjhaveri/.npm/inherits/2.0.3/package/package.json written
382 verbose afterAdd /home/mjhaveri/.npm/minimatch/3.0.4/package/package.json written
383 verbose afterAdd /home/mjhaveri/.npm/once/1.4.0/package/package.json written
384 silly cache afterAdd inflight@1.0.6
385 verbose afterAdd /home/mjhaveri/.npm/inflight/1.0.6/package/package.json not in flight; writing
386 silly resolveWithNewModule path-is-absolute@1.0.1 checking installable status
387 silly cache add args [ 'path-is-absolute@^1.0.0', null ]
388 verbose cache add spec path-is-absolute@^1.0.0
389 silly cache add parsed spec Result {
389 silly cache add   raw: 'path-is-absolute@^1.0.0',
389 silly cache add   scope: null,
389 silly cache add   name: 'path-is-absolute',
389 silly cache add   rawSpec: '^1.0.0',
389 silly cache add   spec: '>=1.0.0 <2.0.0',
389 silly cache add   type: 'range' }
390 silly addNamed path-is-absolute@>=1.0.0 <2.0.0
391 verbose addNamed ">=1.0.0 <2.0.0" is a valid semver range for path-is-absolute
392 silly addNameRange { name: 'path-is-absolute',
392 silly addNameRange   range: '>=1.0.0 <2.0.0',
392 silly addNameRange   hasData: false }
393 silly mapToRegistry name path-is-absolute
394 silly mapToRegistry using default registry
395 silly mapToRegistry registry https://registry.npmjs.org/
396 silly mapToRegistry uri https://registry.npmjs.org/path-is-absolute
397 verbose addNameRange registry:https://registry.npmjs.org/path-is-absolute not in flight; fetching
398 verbose afterAdd /home/mjhaveri/.npm/inflight/1.0.6/package/package.json written
399 verbose get https://registry.npmjs.org/path-is-absolute not expired, no request
400 silly addNameRange number 2 { name: 'path-is-absolute',
400 silly addNameRange   range: '>=1.0.0 <2.0.0',
400 silly addNameRange   hasData: true }
401 silly addNameRange versions [ 'path-is-absolute', [ '1.0.0', '1.0.1' ] ]
402 silly addNamed path-is-absolute@1.0.1
403 verbose addNamed "1.0.1" is a plain semver version for path-is-absolute
404 silly cache afterAdd path-is-absolute@1.0.1
405 verbose afterAdd /home/mjhaveri/.npm/path-is-absolute/1.0.1/package/package.json not in flight; writing
406 verbose afterAdd /home/mjhaveri/.npm/path-is-absolute/1.0.1/package/package.json written
407 silly fetchNamedPackageData wrappy
408 silly mapToRegistry name wrappy
409 silly mapToRegistry using default registry
410 silly mapToRegistry registry https://registry.npmjs.org/
411 silly mapToRegistry uri https://registry.npmjs.org/wrappy
412 verbose request uri https://registry.npmjs.org/wrappy
413 verbose request no auth needed
414 info attempt registry request try #1 at 7:20:42 PM
415 verbose etag "59444755-11a6"
416 verbose lastModified Fri, 16 Jun 2017 21:02:13 GMT
417 http request GET https://registry.npmjs.org/wrappy
418 http 304 https://registry.npmjs.org/wrappy
419 verbose headers { date: 'Sun, 07 Jan 2018 00:20:42 GMT',
419 verbose headers   via: '1.1 varnish',
419 verbose headers   'cache-control': 'max-age=300',
419 verbose headers   etag: '"59444755-11a6"',
419 verbose headers   age: '11439',
419 verbose headers   connection: 'keep-alive',
419 verbose headers   'x-served-by': 'cache-jfk8137-JFK',
419 verbose headers   'x-cache': 'HIT',
419 verbose headers   'x-cache-hits': '357',
419 verbose headers   'x-timer': 'S1515284442.415646,VS0,VE0',
419 verbose headers   vary: 'Accept-Encoding, Accept' }
420 silly get cb [ 304,
420 silly get   { date: 'Sun, 07 Jan 2018 00:20:42 GMT',
420 silly get     via: '1.1 varnish',
420 silly get     'cache-control': 'max-age=300',
420 silly get     etag: '"59444755-11a6"',
420 silly get     age: '11439',
420 silly get     connection: 'keep-alive',
420 silly get     'x-served-by': 'cache-jfk8137-JFK',
420 silly get     'x-cache': 'HIT',
420 silly get     'x-cache-hits': '357',
420 silly get     'x-timer': 'S1515284442.415646,VS0,VE0',
420 silly get     vary: 'Accept-Encoding, Accept' } ]
421 verbose etag https://registry.npmjs.org/wrappy from cache
422 verbose get saving wrappy to /home/mjhaveri/.npm/registry.npmjs.org/wrappy/.cache.json
423 silly resolveWithNewModule wrappy@1.0.2 checking installable status
424 silly cache add args [ 'wrappy@1', null ]
425 verbose cache add spec wrappy@1
426 silly cache add parsed spec Result {
426 silly cache add   raw: 'wrappy@1',
426 silly cache add   scope: null,
426 silly cache add   name: 'wrappy',
426 silly cache add   rawSpec: '1',
426 silly cache add   spec: '>=1.0.0 <2.0.0',
426 silly cache add   type: 'range' }
427 silly addNamed wrappy@>=1.0.0 <2.0.0
428 verbose addNamed ">=1.0.0 <2.0.0" is a valid semver range for wrappy
429 silly addNameRange { name: 'wrappy', range: '>=1.0.0 <2.0.0', hasData: false }
430 silly mapToRegistry name wrappy
431 silly mapToRegistry using default registry
432 silly mapToRegistry registry https://registry.npmjs.org/
433 silly mapToRegistry uri https://registry.npmjs.org/wrappy
434 verbose addNameRange registry:https://registry.npmjs.org/wrappy not in flight; fetching
435 verbose get https://registry.npmjs.org/wrappy not expired, no request
436 silly addNameRange number 2 { name: 'wrappy', range: '>=1.0.0 <2.0.0', hasData: true }
437 silly addNameRange versions [ 'wrappy', [ '1.0.0', '1.0.1', '1.0.2' ] ]
438 silly addNamed wrappy@1.0.2
439 verbose addNamed "1.0.2" is a plain semver version for wrappy
440 silly cache afterAdd wrappy@1.0.2
441 verbose afterAdd /home/mjhaveri/.npm/wrappy/1.0.2/package/package.json not in flight; writing
442 verbose afterAdd /home/mjhaveri/.npm/wrappy/1.0.2/package/package.json written
443 silly fetchNamedPackageData brace-expansion
444 silly mapToRegistry name brace-expansion
445 silly mapToRegistry using default registry
446 silly mapToRegistry registry https://registry.npmjs.org/
447 silly mapToRegistry uri https://registry.npmjs.org/brace-expansion
448 verbose request uri https://registry.npmjs.org/brace-expansion
449 verbose request no auth needed
450 info attempt registry request try #1 at 7:20:42 PM
451 verbose etag "595b97db-595c"
452 verbose lastModified Tue, 4 Jul 2017 13:27:55 GMT
453 http request GET https://registry.npmjs.org/brace-expansion
454 http 304 https://registry.npmjs.org/brace-expansion
455 verbose headers { date: 'Sun, 07 Jan 2018 00:20:42 GMT',
455 verbose headers   via: '1.1 varnish',
455 verbose headers   'cache-control': 'max-age=300',
455 verbose headers   etag: '"595b97db-595c"',
455 verbose headers   age: '11392',
455 verbose headers   connection: 'keep-alive',
455 verbose headers   'x-served-by': 'cache-jfk8141-JFK',
455 verbose headers   'x-cache': 'HIT',
455 verbose headers   'x-cache-hits': '382',
455 verbose headers   'x-timer': 'S1515284443.556126,VS0,VE0',
455 verbose headers   vary: 'Accept-Encoding, Accept' }
456 silly get cb [ 304,
456 silly get   { date: 'Sun, 07 Jan 2018 00:20:42 GMT',
456 silly get     via: '1.1 varnish',
456 silly get     'cache-control': 'max-age=300',
456 silly get     etag: '"595b97db-595c"',
456 silly get     age: '11392',
456 silly get     connection: 'keep-alive',
456 silly get     'x-served-by': 'cache-jfk8141-JFK',
456 silly get     'x-cache': 'HIT',
456 silly get     'x-cache-hits': '382',
456 silly get     'x-timer': 'S1515284443.556126,VS0,VE0',
456 silly get     vary: 'Accept-Encoding, Accept' } ]
457 verbose etag https://registry.npmjs.org/brace-expansion from cache
458 verbose get saving brace-expansion to /home/mjhaveri/.npm/registry.npmjs.org/brace-expansion/.cache.json
459 silly resolveWithNewModule brace-expansion@1.1.8 checking installable status
460 silly cache add args [ 'brace-expansion@^1.1.7', null ]
461 verbose cache add spec brace-expansion@^1.1.7
462 silly cache add parsed spec Result {
462 silly cache add   raw: 'brace-expansion@^1.1.7',
462 silly cache add   scope: null,
462 silly cache add   name: 'brace-expansion',
462 silly cache add   rawSpec: '^1.1.7',
462 silly cache add   spec: '>=1.1.7 <2.0.0',
462 silly cache add   type: 'range' }
463 silly addNamed brace-expansion@>=1.1.7 <2.0.0
464 verbose addNamed ">=1.1.7 <2.0.0" is a valid semver range for brace-expansion
465 silly addNameRange { name: 'brace-expansion',
465 silly addNameRange   range: '>=1.1.7 <2.0.0',
465 silly addNameRange   hasData: false }
466 silly mapToRegistry name brace-expansion
467 silly mapToRegistry using default registry
468 silly mapToRegistry registry https://registry.npmjs.org/
469 silly mapToRegistry uri https://registry.npmjs.org/brace-expansion
470 verbose addNameRange registry:https://registry.npmjs.org/brace-expansion not in flight; fetching
471 verbose get https://registry.npmjs.org/brace-expansion not expired, no request
472 silly addNameRange number 2 { name: 'brace-expansion',
472 silly addNameRange   range: '>=1.1.7 <2.0.0',
472 silly addNameRange   hasData: true }
473 silly addNameRange versions [ 'brace-expansion',
473 silly addNameRange   [ '0.0.0',
473 silly addNameRange     '1.0.0',
473 silly addNameRange     '1.0.1',
473 silly addNameRange     '1.1.0',
473 silly addNameRange     '1.1.1',
473 silly addNameRange     '1.1.2',
473 silly addNameRange     '1.1.3',
473 silly addNameRange     '1.1.4',
473 silly addNameRange     '1.1.5',
473 silly addNameRange     '1.1.6',
473 silly addNameRange     '1.1.7',
473 silly addNameRange     '1.1.8' ] ]
474 silly addNamed brace-expansion@1.1.8
475 verbose addNamed "1.1.8" is a plain semver version for brace-expansion
476 silly cache afterAdd brace-expansion@1.1.8
477 verbose afterAdd /home/mjhaveri/.npm/brace-expansion/1.1.8/package/package.json not in flight; writing
478 verbose afterAdd /home/mjhaveri/.npm/brace-expansion/1.1.8/package/package.json written
479 silly fetchNamedPackageData balanced-match
480 silly mapToRegistry name balanced-match
481 silly mapToRegistry using default registry
482 silly mapToRegistry registry https://registry.npmjs.org/
483 silly mapToRegistry uri https://registry.npmjs.org/balanced-match
484 silly fetchNamedPackageData concat-map
485 silly mapToRegistry name concat-map
486 silly mapToRegistry using default registry
487 silly mapToRegistry registry https://registry.npmjs.org/
488 silly mapToRegistry uri https://registry.npmjs.org/concat-map
489 verbose request uri https://registry.npmjs.org/concat-map
490 verbose request no auth needed
491 info attempt registry request try #1 at 7:20:42 PM
492 verbose etag "52e9c1bb-f3a"
493 verbose lastModified Thu, 30 Jan 2014 3:06:35 GMT
494 http request GET https://registry.npmjs.org/concat-map
495 verbose request uri https://registry.npmjs.org/balanced-match
496 verbose request no auth needed
497 info attempt registry request try #1 at 7:20:42 PM
498 verbose etag "59428b1a-476d"
499 verbose lastModified Thu, 15 Jun 2017 13:26:50 GMT
500 http request GET https://registry.npmjs.org/balanced-match
501 http 304 https://registry.npmjs.org/concat-map
502 verbose headers { date: 'Sun, 07 Jan 2018 00:20:42 GMT',
502 verbose headers   via: '1.1 varnish',
502 verbose headers   'cache-control': 'max-age=300',
502 verbose headers   etag: '"52e9c1bb-f3a"',
502 verbose headers   age: '10101',
502 verbose headers   connection: 'keep-alive',
502 verbose headers   'x-served-by': 'cache-jfk8138-JFK',
502 verbose headers   'x-cache': 'HIT',
502 verbose headers   'x-cache-hits': '363',
502 verbose headers   'x-timer': 'S1515284443.708257,VS0,VE0',
502 verbose headers   vary: 'Accept-Encoding, Accept' }
503 silly get cb [ 304,
503 silly get   { date: 'Sun, 07 Jan 2018 00:20:42 GMT',
503 silly get     via: '1.1 varnish',
503 silly get     'cache-control': 'max-age=300',
503 silly get     etag: '"52e9c1bb-f3a"',
503 silly get     age: '10101',
503 silly get     connection: 'keep-alive',
503 silly get     'x-served-by': 'cache-jfk8138-JFK',
503 silly get     'x-cache': 'HIT',
503 silly get     'x-cache-hits': '363',
503 silly get     'x-timer': 'S1515284443.708257,VS0,VE0',
503 silly get     vary: 'Accept-Encoding, Accept' } ]
504 verbose etag https://registry.npmjs.org/concat-map from cache
505 verbose get saving concat-map to /home/mjhaveri/.npm/registry.npmjs.org/concat-map/.cache.json
506 silly resolveWithNewModule concat-map@0.0.1 checking installable status
507 silly cache add args [ 'concat-map@0.0.1', null ]
508 verbose cache add spec concat-map@0.0.1
509 silly cache add parsed spec Result {
509 silly cache add   raw: 'concat-map@0.0.1',
509 silly cache add   scope: null,
509 silly cache add   name: 'concat-map',
509 silly cache add   rawSpec: '0.0.1',
509 silly cache add   spec: '0.0.1',
509 silly cache add   type: 'version' }
510 silly addNamed concat-map@0.0.1
511 verbose addNamed "0.0.1" is a plain semver version for concat-map
512 silly mapToRegistry name concat-map
513 silly mapToRegistry using default registry
514 silly mapToRegistry registry https://registry.npmjs.org/
515 silly mapToRegistry uri https://registry.npmjs.org/concat-map
516 verbose addNameVersion registry:https://registry.npmjs.org/concat-map not in flight; fetching
517 http 304 https://registry.npmjs.org/balanced-match
518 verbose headers { date: 'Sun, 07 Jan 2018 00:20:42 GMT',
518 verbose headers   via: '1.1 varnish',
518 verbose headers   'cache-control': 'max-age=300',
518 verbose headers   etag: '"59428b1a-476d"',
518 verbose headers   age: '11391',
518 verbose headers   connection: 'keep-alive',
518 verbose headers   'x-served-by': 'cache-jfk8132-JFK',
518 verbose headers   'x-cache': 'HIT',
518 verbose headers   'x-cache-hits': '352',
518 verbose headers   'x-timer': 'S1515284443.725656,VS0,VE0',
518 verbose headers   vary: 'Accept-Encoding, Accept' }
519 silly get cb [ 304,
519 silly get   { date: 'Sun, 07 Jan 2018 00:20:42 GMT',
519 silly get     via: '1.1 varnish',
519 silly get     'cache-control': 'max-age=300',
519 silly get     etag: '"59428b1a-476d"',
519 silly get     age: '11391',
519 silly get     connection: 'keep-alive',
519 silly get     'x-served-by': 'cache-jfk8132-JFK',
519 silly get     'x-cache': 'HIT',
519 silly get     'x-cache-hits': '352',
519 silly get     'x-timer': 'S1515284443.725656,VS0,VE0',
519 silly get     vary: 'Accept-Encoding, Accept' } ]
520 verbose etag https://registry.npmjs.org/balanced-match from cache
521 verbose get saving balanced-match to /home/mjhaveri/.npm/registry.npmjs.org/balanced-match/.cache.json
522 verbose get https://registry.npmjs.org/concat-map not expired, no request
523 silly resolveWithNewModule balanced-match@1.0.0 checking installable status
524 silly cache add args [ 'balanced-match@^1.0.0', null ]
525 verbose cache add spec balanced-match@^1.0.0
526 silly cache add parsed spec Result {
526 silly cache add   raw: 'balanced-match@^1.0.0',
526 silly cache add   scope: null,
526 silly cache add   name: 'balanced-match',
526 silly cache add   rawSpec: '^1.0.0',
526 silly cache add   spec: '>=1.0.0 <2.0.0',
526 silly cache add   type: 'range' }
527 silly addNamed balanced-match@>=1.0.0 <2.0.0
528 verbose addNamed ">=1.0.0 <2.0.0" is a valid semver range for balanced-match
529 silly addNameRange { name: 'balanced-match',
529 silly addNameRange   range: '>=1.0.0 <2.0.0',
529 silly addNameRange   hasData: false }
530 silly mapToRegistry name balanced-match
531 silly mapToRegistry using default registry
532 silly mapToRegistry registry https://registry.npmjs.org/
533 silly mapToRegistry uri https://registry.npmjs.org/balanced-match
534 verbose addNameRange registry:https://registry.npmjs.org/balanced-match not in flight; fetching
535 verbose get https://registry.npmjs.org/balanced-match not expired, no request
536 silly addNameRange number 2 { name: 'balanced-match',
536 silly addNameRange   range: '>=1.0.0 <2.0.0',
536 silly addNameRange   hasData: true }
537 silly addNameRange versions [ 'balanced-match',
537 silly addNameRange   [ '0.0.0',
537 silly addNameRange     '0.0.1',
537 silly addNameRange     '0.1.0',
537 silly addNameRange     '0.2.0',
537 silly addNameRange     '0.2.1',
537 silly addNameRange     '0.3.0',
537 silly addNameRange     '0.4.0',
537 silly addNameRange     '0.4.1',
537 silly addNameRange     '0.4.2',
537 silly addNameRange     '1.0.0' ] ]
538 silly addNamed balanced-match@1.0.0
539 verbose addNamed "1.0.0" is a plain semver version for balanced-match
540 silly cache afterAdd concat-map@0.0.1
541 verbose afterAdd /home/mjhaveri/.npm/concat-map/0.0.1/package/package.json not in flight; writing
542 verbose afterAdd /home/mjhaveri/.npm/concat-map/0.0.1/package/package.json written
543 silly cache afterAdd balanced-match@1.0.0
544 verbose afterAdd /home/mjhaveri/.npm/balanced-match/1.0.0/package/package.json not in flight; writing
545 verbose afterAdd /home/mjhaveri/.npm/balanced-match/1.0.0/package/package.json written
546 silly fetchNamedPackageData path-parse
547 silly mapToRegistry name path-parse
548 silly mapToRegistry using default registry
549 silly mapToRegistry registry https://registry.npmjs.org/
550 silly mapToRegistry uri https://registry.npmjs.org/path-parse
551 verbose request uri https://registry.npmjs.org/path-parse
552 verbose request no auth needed
553 info attempt registry request try #1 at 7:20:42 PM
554 http request GET https://registry.npmjs.org/path-parse
555 http 200 https://registry.npmjs.org/path-parse
556 verbose headers { 'content-type': 'application/json; charset=UTF-8',
556 verbose headers   server: 'UploadServer',
556 verbose headers   'cache-control': 'max-age=300',
556 verbose headers   'last-modified': 'Sun, 16 Apr 2017 23:40:07 GMT',
556 verbose headers   etag: '"58f400d7-1f68"',
556 verbose headers   'content-encoding': 'gzip',
556 verbose headers   'content-length': '1538',
556 verbose headers   'accept-ranges': 'bytes',
556 verbose headers   date: 'Sun, 07 Jan 2018 00:20:43 GMT',
556 verbose headers   via: '1.1 varnish',
556 verbose headers   age: '6297',
556 verbose headers   connection: 'keep-alive',
556 verbose headers   'x-served-by': 'cache-jfk8131-JFK',
556 verbose headers   'x-cache': 'HIT',
556 verbose headers   'x-cache-hits': '58',
556 verbose headers   'x-timer': 'S1515284443.027662,VS0,VE0',
556 verbose headers   vary: 'Accept-Encoding, Accept' }
557 silly get cb [ 200,
557 silly get   { 'content-type': 'application/json; charset=UTF-8',
557 silly get     server: 'UploadServer',
557 silly get     'cache-control': 'max-age=300',
557 silly get     'last-modified': 'Sun, 16 Apr 2017 23:40:07 GMT',
557 silly get     etag: '"58f400d7-1f68"',
557 silly get     'content-encoding': 'gzip',
557 silly get     'content-length': '1538',
557 silly get     'accept-ranges': 'bytes',
557 silly get     date: 'Sun, 07 Jan 2018 00:20:43 GMT',
557 silly get     via: '1.1 varnish',
557 silly get     age: '6297',
557 silly get     connection: 'keep-alive',
557 silly get     'x-served-by': 'cache-jfk8131-JFK',
557 silly get     'x-cache': 'HIT',
557 silly get     'x-cache-hits': '58',
557 silly get     'x-timer': 'S1515284443.027662,VS0,VE0',
557 silly get     vary: 'Accept-Encoding, Accept' } ]
558 verbose get saving path-parse to /home/mjhaveri/.npm/registry.npmjs.org/path-parse/.cache.json
559 silly resolveWithNewModule path-parse@1.0.5 checking installable status
560 silly cache add args [ 'path-parse@^1.0.5', null ]
561 verbose cache add spec path-parse@^1.0.5
562 silly cache add parsed spec Result {
562 silly cache add   raw: 'path-parse@^1.0.5',
562 silly cache add   scope: null,
562 silly cache add   name: 'path-parse',
562 silly cache add   rawSpec: '^1.0.5',
562 silly cache add   spec: '>=1.0.5 <2.0.0',
562 silly cache add   type: 'range' }
563 silly addNamed path-parse@>=1.0.5 <2.0.0
564 verbose addNamed ">=1.0.5 <2.0.0" is a valid semver range for path-parse
565 silly addNameRange { name: 'path-parse', range: '>=1.0.5 <2.0.0', hasData: false }
566 silly mapToRegistry name path-parse
567 silly mapToRegistry using default registry
568 silly mapToRegistry registry https://registry.npmjs.org/
569 silly mapToRegistry uri https://registry.npmjs.org/path-parse
570 verbose addNameRange registry:https://registry.npmjs.org/path-parse not in flight; fetching
571 verbose get https://registry.npmjs.org/path-parse not expired, no request
572 silly addNameRange number 2 { name: 'path-parse', range: '>=1.0.5 <2.0.0', hasData: true }
573 silly addNameRange versions [ 'path-parse',
573 silly addNameRange   [ '1.0.0', '1.0.1', '1.0.2', '1.0.3', '1.0.4', '1.0.5' ] ]
574 silly addNamed path-parse@1.0.5
575 verbose addNamed "1.0.5" is a plain semver version for path-parse
576 silly mapToRegistry name path-parse
577 silly mapToRegistry using default registry
578 silly mapToRegistry registry https://registry.npmjs.org/
579 silly mapToRegistry uri https://registry.npmjs.org/path-parse
580 verbose addRemoteTarball https://registry.npmjs.org/path-parse/-/path-parse-1.0.5.tgz not in flight; adding
581 verbose addRemoteTarball [ 'https://registry.npmjs.org/path-parse/-/path-parse-1.0.5.tgz',
581 verbose addRemoteTarball   '3c1adf871ea9cd6c9431b6ea2bd74a0ff055c4c1' ]
582 info retry fetch attempt 1 at 7:20:43 PM
583 info attempt registry request try #1 at 7:20:43 PM
584 http fetch GET https://registry.npmjs.org/path-parse/-/path-parse-1.0.5.tgz
585 http fetch 200 https://registry.npmjs.org/path-parse/-/path-parse-1.0.5.tgz
586 silly fetchAndShaCheck shasum 3c1adf871ea9cd6c9431b6ea2bd74a0ff055c4c1
587 verbose addTmpTarball /tmp/npm-12245-da3a5849/registry.npmjs.org/path-parse/-/path-parse-1.0.5.tgz not in flight; adding
588 verbose addTmpTarball already have metadata; skipping unpack for path-parse@1.0.5
589 silly cache afterAdd path-parse@1.0.5
590 verbose afterAdd /home/mjhaveri/.npm/path-parse/1.0.5/package/package.json not in flight; writing
591 verbose afterAdd /home/mjhaveri/.npm/path-parse/1.0.5/package/package.json written
592 silly loadAllDepsIntoIdealTree Finishing
593 silly idealTree:prePrune lib
593 silly idealTree:prePrune  clang-format@1.0.41-b
593 silly idealTree:prePrune    async@1.5.2
593 silly idealTree:prePrune    balanced-match@1.0.0
593 silly idealTree:prePrune    brace-expansion@1.1.8
593 silly idealTree:prePrune    concat-map@0.0.1
593 silly idealTree:prePrune    fs.realpath@1.0.0
593 silly idealTree:prePrune    glob@7.1.2
593 silly idealTree:prePrune    inflight@1.0.6
593 silly idealTree:prePrune    inherits@2.0.3
593 silly idealTree:prePrune    minimatch@3.0.4
593 silly idealTree:prePrune    once@1.4.0
593 silly idealTree:prePrune    path-is-absolute@1.0.1
593 silly idealTree:prePrune    path-parse@1.0.5
593 silly idealTree:prePrune    resolve@1.5.0
593 silly idealTree:prePrune    wrappy@1.0.2
594 silly loadIdealTree Finishing
595 silly currentTree lib
596 silly idealTree lib
596 silly idealTree  clang-format@1.0.41-b
596 silly idealTree    async@1.5.2
596 silly idealTree    balanced-match@1.0.0
596 silly idealTree    brace-expansion@1.1.8
596 silly idealTree    concat-map@0.0.1
596 silly idealTree    fs.realpath@1.0.0
596 silly idealTree    glob@7.1.2
596 silly idealTree    inflight@1.0.6
596 silly idealTree    inherits@2.0.3
596 silly idealTree    minimatch@3.0.4
596 silly idealTree    once@1.4.0
596 silly idealTree    path-is-absolute@1.0.1
596 silly idealTree    path-parse@1.0.5
596 silly idealTree    resolve@1.5.0
596 silly idealTree    wrappy@1.0.2
597 silly generateActionsToTake Starting
598 silly install generateActionsToTake
599 warn checkPermissions Missing write access to /usr/local/lib/node_modules
600 silly rollbackFailedOptional Starting
601 silly rollbackFailedOptional Finishing
602 silly runTopLevelLifecycles Starting
603 silly runTopLevelLifecycles Finishing
604 silly install printInstalled
605 verbose stack Error: EACCES: permission denied, access '/usr/local/lib/node_modules'
605 verbose stack     at Error (native)
606 verbose cwd /home/mjhaveri/develop/c_data_structures
607 error Linux 4.4.0-104-generic
608 error argv "/usr/bin/nodejs" "/usr/bin/npm" "install" "-g" "clang-format"
609 error node v4.2.6
610 error npm  v3.5.2
611 error path /usr/local/lib/node_modules
612 error code EACCES
613 error errno -13
614 error syscall access
615 error Error: EACCES: permission denied, access '/usr/local/lib/node_modules'
615 error     at Error (native)
615 error  { [Error: EACCES: permission denied, access '/usr/local/lib/node_modules']
615 error   errno: -13,
615 error   code: 'EACCES',
615 error   syscall: 'access',
615 error   path: '/usr/local/lib/node_modules' }
616 error Please try running this command again as root/Administrator.
617 verbose exit [ -13, true ]
